Determining if the pthread_create exist failed with the following output:
Change Dir: /home/anshu/git_ws/AuE893Spring20_AnshumanSharma/assignment2_ws/build/CMakeFiles/CMakeTmp

Run Build Command:"/usr/bin/make" "cmTC_495de/fast"
/usr/bin/make -f CMakeFiles/cmTC_495de.dir/build.make CMakeFiles/cmTC_495de.dir/build
make[1]: Entering directory '/home/anshu/git_ws/AuE893Spring20_AnshumanSharma/assignment2_ws/build/CMakeFiles/CMakeTmp'
Building C object CMakeFiles/cmTC_495de.dir/CheckSymbolExists.c.o
/usr/bin/cc     -o CMakeFiles/cmTC_495de.dir/CheckSymbolExists.c.o   -c /home/anshu/git_ws/AuE893Spring20_AnshumanSharma/assignment2_ws/build/CMakeFiles/CMakeTmp/CheckSymbolExists.c
Linking C executable cmTC_495de
/usr/bin/cmake -E cmake_link_script CMakeFiles/cmTC_495de.dir/link.txt --verbose=1
/usr/bin/cc       CMakeFiles/cmTC_495de.dir/CheckSymbolExists.c.o  -o cmTC_495de -rdynamic 
CMakeFiles/cmTC_495de.dir/CheckSymbolExists.c.o: In function `main':
CheckSymbolExists.c:(.text+0x16): undefined reference to `pthread_create'
collect2: error: ld returned 1 exit status
CMakeFiles/cmTC_495de.dir/build.make:97: recipe for target 'cmTC_495de' failed
make[1]: *** [cmTC_495de] Error 1
make[1]: Leaving directory '/home/anshu/git_ws/AuE893Spring20_AnshumanSharma/assignment2_ws/build/CMakeFiles/CMakeTmp'
Makefile:126: recipe for target 'cmTC_495de/fast' failed
make: *** [cmTC_495de/fast] Error 2

File /home/anshu/git_ws/AuE893Spring20_AnshumanSharma/assignment2_ws/build/CMakeFiles/CMakeTmp/CheckSymbolExists.c:
/* */
#include <pthread.h>

int main(int argc, char** argv)
{
  (void)argv;
#ifndef pthread_create
  return ((int*)(&pthread_create))[argc];
#else
  (void)argc;
  return 0;
#endif
}

Determining if the function pthread_create exists in the pthreads failed with the following output:
Change Dir: /home/anshu/git_ws/AuE893Spring20_AnshumanSharma/assignment2_ws/build/CMakeFiles/CMakeTmp

Run Build Command:"/usr/bin/make" "cmTC_7ee59/fast"
/usr/bin/make -f CMakeFiles/cmTC_7ee59.dir/build.make CMakeFiles/cmTC_7ee59.dir/build
make[1]: Entering directory '/home/anshu/git_ws/AuE893Spring20_AnshumanSharma/assignment2_ws/build/CMakeFiles/CMakeTmp'
Building C object CMakeFiles/cmTC_7ee59.dir/CheckFunctionExists.c.o
/usr/bin/cc    -DCHECK_FUNCTION_EXISTS=pthread_create   -o CMakeFiles/cmTC_7ee59.dir/CheckFunctionExists.c.o   -c /usr/share/cmake-3.5/Modules/CheckFunctionExists.c
Linking C executable cmTC_7ee59
/usr/bin/cmake -E cmake_link_script CMakeFiles/cmTC_7ee59.dir/link.txt --verbose=1
/usr/bin/cc   -DCHECK_FUNCTION_EXISTS=pthread_create    CMakeFiles/cmTC_7ee59.dir/CheckFunctionExists.c.o  -o cmTC_7ee59 -rdynamic -lpthreads 
/usr/bin/ld: cannot find -lpthreads
collect2: error: ld returned 1 exit status
CMakeFiles/cmTC_7ee59.dir/build.make:97: recipe for target 'cmTC_7ee59' failed
make[1]: *** [cmTC_7ee59] Error 1
make[1]: Leaving directory '/home/anshu/git_ws/AuE893Spring20_AnshumanSharma/assignment2_ws/build/CMakeFiles/CMakeTmp'
Makefile:126: recipe for target 'cmTC_7ee59/fast' failed
make: *** [cmTC_7ee59/fast] Error 2


